2020-01-25 20:53:10,333:WARNING:discord.client: PyNaCl is not installed, voice will NOT be supported
2020-01-25 20:53:10,335:DEBUG:discord.client: on_ready has successfully been registered as an event
2020-01-25 20:53:10,337:DEBUG:discord.client: on_member_join has successfully been registered as an event
2020-01-25 20:53:10,337:DEBUG:discord.client: on_message has successfully been registered as an event
2020-01-25 20:53:10,343:INFO:discord.client: logging in using static token
2020-01-25 20:53:10,610:DEBUG:discord.http: GET https://discordapp.com/api/v7/users/@me with None has returned 200
2020-01-25 20:53:10,612:DEBUG:discord.http: GET https://discordapp.com/api/v7/users/@me has received {'id': '669260956769058868', 'username': 'CarnBot', 'avatar': '3519ef9046ddebaa4b1fa546cf5050c2', 'discriminator': '2131', 'bot': True, 'email': None, 'verified': True, 'locale': 'en-US', 'mfa_enabled': True, 'flags': 0}
2020-01-25 20:53:10,655:DEBUG:discord.http: GET https://discordapp.com/api/v7/gateway with None has returned 200
2020-01-25 20:53:10,656:DEBUG:discord.http: GET https://discordapp.com/api/v7/gateway has received {'url': 'wss://gateway.discord.gg'}
2020-01-25 20:53:10,973:INFO:discord.gateway: Created websocket connected to wss://gateway.discord.gg?encoding=json&v=6&compress=zlib-stream
2020-01-25 20:53:10,976:DEBUG:discord.client: Dispatching event socket_raw_receive
2020-01-25 20:53:10,976:DEBUG:discord.gateway: For Shard ID None: WebSocket Event: {'t': None, 's': None, 'op': 10, 'd': {'heartbeat_interval': 41250, '_trace': ['["gateway-prd-main-rplw",{"micros":0.0}]']}}
2020-01-25 20:53:10,977:DEBUG:discord.client: Dispatching event socket_response
2020-01-25 20:53:10,978:DEBUG:discord.client: Dispatching event socket_raw_send
2020-01-25 20:53:10,981:DEBUG:discord.client: Dispatching event socket_raw_send
2020-01-25 20:53:10,983:INFO:discord.gateway: Shard ID None has sent the IDENTIFY payload.
2020-01-25 20:53:11,060:DEBUG:discord.client: Dispatching event socket_raw_receive
2020-01-25 20:53:11,061:DEBUG:discord.gateway: For Shard ID None: WebSocket Event: {'t': None, 's': None, 'op': 11, 'd': None}
2020-01-25 20:53:11,061:DEBUG:discord.client: Dispatching event socket_response
2020-01-25 20:53:11,079:DEBUG:discord.client: Dispatching event socket_raw_receive
2020-01-25 20:53:11,079:DEBUG:discord.gateway: For Shard ID None: WebSocket Event: {'t': 'READY', 's': 1, 'op': 0, 'd': {'v': 6, 'user_settings': {}, 'user': {'verified': True, 'username': 'CarnBot', 'mfa_enabled': True, 'id': '669260956769058868', 'email': None, 'discriminator': '2131', 'bot': True, 'avatar': '3519ef9046ddebaa4b1fa546cf5050c2'}, 'session_id': '9e0b065a7352e0533082d3cca0fa6238', 'relationships': [], 'private_channels': [], 'presences': [], 'guilds': [{'unavailable': True, 'id': '602663309170311170'}], 'application': {'id': '669260956769058868', 'flags': 0}, '_trace': ['["gateway-prd-main-rplw",{"micros":48680,"calls":["discord-sessions-prd-1-34",{"micros":47670,"calls":["start_session",{"micros":44574,"calls":["api-prd-main-8g5s",{"micros":41704,"calls":["get_user",{"micros":3938},"add_authorized_ip",{"micros":2744},"get_guilds",{"micros":2026},"coros_wait",{"micros":1}]}]},"guilds_connect",{"micros":1,"calls":[]},"presence_connect",{"micros":2016,"calls":[]}]}]}]']}}
2020-01-25 20:53:11,080:DEBUG:discord.client: Dispatching event socket_response
2020-01-25 20:53:11,080:INFO:discord.gateway: Shard ID None has connected to Gateway: ["gateway-prd-main-rplw",{"micros":48680,"calls":["discord-sessions-prd-1-34",{"micros":47670,"calls":["start_session",{"micros":44574,"calls":["api-prd-main-8g5s",{"micros":41704,"calls":["get_user",{"micros":3938},"add_authorized_ip",{"micros":2744},"get_guilds",{"micros":2026},"coros_wait",{"micros":1}]}]},"guilds_connect",{"micros":1,"calls":[]},"presence_connect",{"micros":2016,"calls":[]}]}]}] (Session ID: 9e0b065a7352e0533082d3cca0fa6238).
2020-01-25 20:53:11,109:DEBUG:discord.client: Dispatching event connect
2020-01-25 20:53:11,110:DEBUG:discord.client: Dispatching event socket_raw_receive
2020-01-25 20:53:11,111:DEBUG:discord.gateway: For Shard ID None: WebSocket Event: {'t': 'GUILD_CREATE', 's': 2, 'op': 0, 'd': {'afk_timeout': 300, 'vanity_url_code': None, 'afk_channel_id': None, 'banner': None, 'icon': None, 'owner_id': '116326927370944519', 'verification_level': 0, 'rules_channel_id': None, 'discovery_splash': None, 'mfa_level': 0, 'joined_at': '2020-01-23T17:40:14.677535+00:00', 'members': [{'user': {'username': 'protocol66', 'id': '116326927370944519', 'discriminator': '8365', 'avatar': '878b62b071da5179a2ab62866f334210'}, 'roles': [], 'mute': False, 'joined_at': '2019-07-22T00:48:49.850000+00:00', 'hoisted_role': None, 'deaf': False}, {'user': {'username': 'Rythm', 'id': '235088799074484224', 'discriminator': '3722', 'bot': True, 'avatar': '16c197c4c3f0eb808f9bceb6e1075e71'}, 'roles': ['602663989130035230'], 'mute': False, 'joined_at': '2019-07-22T00:51:31.858000+00:00', 'hoisted_role': None, 'deaf': False}, {'user': {'username': 'Jonathan', 'id': '486906350375272449', 'discriminator': '3108', 'avatar': '422db19fd43f2394eedc7591d9d60584'}, 'roles': [], 'premium_since': None, 'nick': None, 'mute': False, 'joined_at': '2020-01-23T17:41:22.691011+00:00', 'hoisted_role': None, 'deaf': False}, {'user': {'username': 'MCServerBot', 'id': '609600776582463538', 'discriminator': '8524', 'bot': True, 'avatar': None}, 'roles': [], 'mute': False, 'joined_at': '2019-08-10T04:24:52.167000+00:00', 'hoisted_role': None, 'deaf': False}, {'user': {'username': 'CarnBot', 'id': '669260956769058868', 'discriminator': '2131', 'bot': True, 'avatar': '3519ef9046ddebaa4b1fa546cf5050c2'}, 'roles': ['669959594541449217'], 'premium_since': None, 'nick': None, 'mute': False, 'joined_at': '2020-01-23T17:40:14.677535+00:00', 'hoisted_role': None, 'deaf': False}], 'splash': None, 'region': 'us-central', 'premium_tier': 0, 'presences': [{'user': {'id': '116326927370944519'}, 'status': 'idle', 'game': None, 'client_status': {'desktop': 'idle'}, 'activities': []}, {'user': {'id': '235088799074484224'}, 'status': 'online', 'game': None, 'client_status': {'web': 'online'}, 'activities': []}, {'user': {'id': '486906350375272449'}, 'status': 'online', 'game': None, 'client_status': {'desktop': 'online'}, 'activities': []}, {'user': {'id': '669260956769058868'}, 'status': 'online', 'game': None, 'client_status': {'web': 'online'}, 'activities': []}], 'unavailable': False, 'name': 'Test Server', 'lazy': True, 'application_id': None, 'system_channel_flags': 0, 'features': [], 'emojis': [], 'large': False, 'premium_subscription_count': 0, 'channels': [{'user_limit': 0, 'type': 4, 'position': 2, 'permission_overwrites': [], 'parent_id': None, 'nsfw': False, 'name': 'Text Channels', 'id': '602663309170311172', 'bitrate': 64000}, {'type': 0, 'topic': None, 'rate_limit_per_user': 0, 'position': 1, 'permission_overwrites': [], 'parent_id': '602663309170311172', 'nsfw': False, 'name': 'general', 'last_message_id': '670822826118217731', 'id': '602663309170311173'}, {'user_limit': 0, 'type': 4, 'position': 3, 'permission_overwrites': [], 'parent_id': None, 'nsfw': False, 'name': 'Voice Channels', 'id': '602663309170311174', 'bitrate': 64000}, {'user_limit': 0, 'type': 2, 'position': 0, 'permission_overwrites': [], 'parent_id': '602663309170311174', 'name': 'General', 'id': '602663309170311175', 'bitrate': 64000}, {'type': 0, 'topic': None, 'rate_limit_per_user': 0, 'position': 2, 'permission_overwrites': [], 'parent_id': '602663309170311172', 'nsfw': False, 'name': 'mcserverstatus', 'last_message_id': '653019269226954773', 'id': '609611791017705503'}, {'type': 4, 'position': 0, 'permission_overwrites': [], 'parent_id': None, 'nsfw': False, 'name': 'test', 'id': '670503547153940500'}, {'type': 0, 'topic': None, 'rate_limit_per_user': 0, 'position': 0, 'permission_overwrites': [], 'parent_id': '670503547153940500', 'nsfw': False, 'name': 'test-txt', 'last_message_id': None, 'id': '670503591441596440'}, {'type': 4, 'position': 1, 'permission_overwrites': [], 'parent_id': None, 'nsfw': False, 'name': 'test2', 'id': '670503621762220044'}, {'type': 0, 'topic': '', 'rate_limit_per_user': 0, 'position': 3, 'permission_overwrites': [], 'parent_id': '670503621762220044', 'nsfw': False, 'name': 'rules', 'last_message_id': None, 'id': '670503655308263434'}, {'type': 0, 'topic': None, 'rate_limit_per_user': 0, 'position': 4, 'permission_overwrites': [], 'parent_id': '670503547153940500', 'nsfw': False, 'name': 'just-another-txt-chat', 'last_message_id': None, 'id': '670503709989404732'}], 'explicit_content_filter': 0, 'system_channel_id': '602663309170311173', 'default_message_notifications': 1, 'roles': [{'position': 0, 'permissions': 104324673, 'name': '@everyone', 'mentionable': False, 'managed': False, 'id': '602663309170311170', 'hoist': False, 'color': 0}, {'position': 1, 'permissions': 8, 'name': 'Rythm', 'mentionable': False, 'managed': True, 'id': '602663989130035230', 'hoist': False, 'color': 0}, {'position': 1, 'permissions': 256000, 'name': 'CarnBot', 'mentionable': False, 'managed': True, 'id': '669959594541449217', 'hoist': False, 'color': 0}], 'description': None, 'voice_states': [], 'preferred_locale': 'en-US', 'id': '602663309170311170', 'member_count': 5}}
2020-01-25 20:53:11,111:DEBUG:discord.client: Dispatching event socket_response
2020-01-25 20:53:11,115:DEBUG:discord.client: Dispatching event guild_available
2020-01-25 20:53:13,120:DEBUG:discord.client: Dispatching event ready
2020-01-25 20:53:18,970:DEBUG:discord.client: Dispatching event socket_raw_receive
2020-01-25 20:53:18,971:DEBUG:discord.gateway: For Shard ID None: WebSocket Event: {'t': 'MESSAGE_CREATE', 's': 3, 'op': 0, 'd': {'type': 0, 'tts': False, 'timestamp': '2020-01-26T02:50:45.332000+00:00', 'pinned': False, 'nonce': '670823555235053568', 'mentions': [], 'mention_roles': [], 'mention_everyone': False, 'member': {'roles': [], 'premium_since': None, 'nick': None, 'mute': False, 'joined_at': '2020-01-23T17:41:22.691011+00:00', 'hoisted_role': None, 'deaf': False}, 'id': '670822911262588938', 'flags': 0, 'embeds': [], 'edited_timestamp': None, 'content': '👍', 'channel_id': '602663309170311173', 'author': {'username': 'Jonathan', 'id': '486906350375272449', 'discriminator': '3108', 'avatar': '422db19fd43f2394eedc7591d9d60584'}, 'attachments': [], 'guild_id': '602663309170311170'}}
2020-01-25 20:53:18,971:DEBUG:discord.client: Dispatching event socket_response
2020-01-25 20:53:18,973:DEBUG:discord.client: Dispatching event message
2020-01-25 20:53:52,231:DEBUG:discord.gateway: Keeping websocket alive with sequence 3.
2020-01-25 20:53:52,233:DEBUG:discord.client: Dispatching event socket_raw_send
2020-01-25 20:53:52,277:DEBUG:discord.client: Dispatching event socket_raw_receive
2020-01-25 20:53:52,277:DEBUG:discord.gateway: For Shard ID None: WebSocket Event: {'t': None, 's': None, 'op': 11, 'd': None}
2020-01-25 20:53:52,277:DEBUG:discord.client: Dispatching event socket_response
2020-01-25 20:54:33,485:DEBUG:discord.gateway: Keeping websocket alive with sequence 3.
2020-01-25 20:54:33,486:DEBUG:discord.client: Dispatching event socket_raw_send
2020-01-25 20:54:33,532:DEBUG:discord.client: Dispatching event socket_raw_receive
2020-01-25 20:54:33,532:DEBUG:discord.gateway: For Shard ID None: WebSocket Event: {'t': None, 's': None, 'op': 11, 'd': None}
2020-01-25 20:54:33,532:DEBUG:discord.client: Dispatching event socket_response
2020-01-25 20:54:39,917:DEBUG:discord.client: Dispatching event socket_raw_receive
2020-01-25 20:54:39,917:DEBUG:discord.gateway: For Shard ID None: WebSocket Event: {'t': 'MESSAGE_CREATE', 's': 4, 'op': 0, 'd': {'type': 0, 'tts': False, 'timestamp': '2020-01-26T02:52:06.270000+00:00', 'pinned': False, 'nonce': '670823894751379456', 'mentions': [], 'mention_roles': [], 'mention_everyone': False, 'member': {'roles': [], 'premium_since': None, 'nick': None, 'mute': False, 'joined_at': '2020-01-23T17:41:22.691011+00:00', 'hoisted_role': None, 'deaf': False}, 'id': '670823250741428224', 'flags': 0, 'embeds': [], 'edited_timestamp': None, 'content': '👍', 'channel_id': '602663309170311173', 'author': {'username': 'Jonathan', 'id': '486906350375272449', 'discriminator': '3108', 'avatar': '422db19fd43f2394eedc7591d9d60584'}, 'attachments': [], 'guild_id': '602663309170311170'}}
2020-01-25 20:54:39,918:DEBUG:discord.client: Dispatching event socket_response
2020-01-25 20:54:39,918:DEBUG:discord.client: Dispatching event message
2020-01-25 20:55:14,738:DEBUG:discord.gateway: Keeping websocket alive with sequence 4.
2020-01-25 20:55:14,739:DEBUG:discord.client: Dispatching event socket_raw_send
2020-01-25 20:55:14,794:DEBUG:discord.client: Dispatching event socket_raw_receive
2020-01-25 20:55:14,795:DEBUG:discord.gateway: For Shard ID None: WebSocket Event: {'t': None, 's': None, 'op': 11, 'd': None}
2020-01-25 20:55:14,796:DEBUG:discord.client: Dispatching event socket_response
