2020-01-26 00:48:44,994:WARNING:discord.client: PyNaCl is not installed, voice will NOT be supported
2020-01-26 00:48:44,994:DEBUG:discord.client: on_ready has successfully been registered as an event
2020-01-26 00:48:44,994:DEBUG:discord.client: on_member_join has successfully been registered as an event
2020-01-26 00:48:44,994:DEBUG:discord.client: on_message has successfully been registered as an event
2020-01-26 00:48:44,994:INFO:discord.client: logging in using static token
2020-01-26 00:48:45,250:DEBUG:discord.http: GET https://discordapp.com/api/v7/users/@me with None has returned 200
2020-01-26 00:48:45,250:DEBUG:discord.http: GET https://discordapp.com/api/v7/users/@me has received {'id': '669260956769058868', 'username': 'CarnBot', 'avatar': '3519ef9046ddebaa4b1fa546cf5050c2', 'discriminator': '2131', 'bot': True, 'email': None, 'verified': True, 'locale': 'en-US', 'mfa_enabled': True, 'flags': 0}
2020-01-26 00:48:45,303:DEBUG:discord.http: GET https://discordapp.com/api/v7/gateway with None has returned 200
2020-01-26 00:48:45,303:DEBUG:discord.http: GET https://discordapp.com/api/v7/gateway has received {'url': 'wss://gateway.discord.gg'}
2020-01-26 00:48:45,416:INFO:discord.gateway: Created websocket connected to wss://gateway.discord.gg?encoding=json&v=6&compress=zlib-stream
2020-01-26 00:48:45,417:DEBUG:discord.client: Dispatching event socket_raw_receive
2020-01-26 00:48:45,417:DEBUG:discord.gateway: For Shard ID None: WebSocket Event: {'t': None, 's': None, 'op': 10, 'd': {'heartbeat_interval': 41250, '_trace': ['["gateway-prd-main-k19q",{"micros":0.0}]']}}
2020-01-26 00:48:45,417:DEBUG:discord.client: Dispatching event socket_response
2020-01-26 00:48:45,417:DEBUG:discord.client: Dispatching event socket_raw_send
2020-01-26 00:48:45,418:DEBUG:discord.client: Dispatching event socket_raw_send
2020-01-26 00:48:45,418:INFO:discord.gateway: Shard ID None has sent the IDENTIFY payload.
2020-01-26 00:48:45,441:DEBUG:discord.client: Dispatching event socket_raw_receive
2020-01-26 00:48:45,442:DEBUG:discord.gateway: For Shard ID None: WebSocket Event: {'t': None, 's': None, 'op': 11, 'd': None}
2020-01-26 00:48:45,442:DEBUG:discord.client: Dispatching event socket_response
2020-01-26 00:48:45,521:DEBUG:discord.client: Dispatching event socket_raw_receive
2020-01-26 00:48:45,521:DEBUG:discord.gateway: For Shard ID None: WebSocket Event: {'t': 'READY', 's': 1, 'op': 0, 'd': {'v': 6, 'user_settings': {}, 'user': {'verified': True, 'username': 'CarnBot', 'mfa_enabled': True, 'id': '669260956769058868', 'email': None, 'discriminator': '2131', 'bot': True, 'avatar': '3519ef9046ddebaa4b1fa546cf5050c2'}, 'session_id': '806ff7519294883e00d3fc00a7423721', 'relationships': [], 'private_channels': [], 'presences': [], 'guilds': [{'unavailable': True, 'id': '602663309170311170'}], 'application': {'id': '669260956769058868', 'flags': 0}, '_trace': ['["gateway-prd-main-k19q",{"micros":55543,"calls":["discord-sessions-prd-1-38",{"micros":54231,"calls":["start_session",{"micros":51025,"calls":["api-prd-main-gc0w",{"micros":47521,"calls":["get_user",{"micros":3082},"add_authorized_ip",{"micros":4637},"get_guilds",{"micros":8205},"coros_wait",{"micros":3}]}]},"guilds_connect",{"micros":2,"calls":[]},"presence_connect",{"micros":2489,"calls":[]}]}]}]']}}
2020-01-26 00:48:45,521:DEBUG:discord.client: Dispatching event socket_response
2020-01-26 00:48:45,521:INFO:discord.gateway: Shard ID None has connected to Gateway: ["gateway-prd-main-k19q",{"micros":55543,"calls":["discord-sessions-prd-1-38",{"micros":54231,"calls":["start_session",{"micros":51025,"calls":["api-prd-main-gc0w",{"micros":47521,"calls":["get_user",{"micros":3082},"add_authorized_ip",{"micros":4637},"get_guilds",{"micros":8205},"coros_wait",{"micros":3}]}]},"guilds_connect",{"micros":2,"calls":[]},"presence_connect",{"micros":2489,"calls":[]}]}]}] (Session ID: 806ff7519294883e00d3fc00a7423721).
2020-01-26 00:48:45,531:DEBUG:discord.client: Dispatching event connect
2020-01-26 00:48:45,532:DEBUG:discord.client: Dispatching event socket_raw_receive
2020-01-26 00:48:45,532:DEBUG:discord.gateway: For Shard ID None: WebSocket Event: {'t': 'GUILD_CREATE', 's': 2, 'op': 0, 'd': {'afk_timeout': 300, 'member_count': 5, 'lazy': True, 'large': False, 'explicit_content_filter': 0, 'features': [], 'system_channel_flags': 0, 'premium_subscription_count': 0, 'vanity_url_code': None, 'members': [{'user': {'username': 'protocol66', 'id': '116326927370944519', 'discriminator': '8365', 'avatar': '878b62b071da5179a2ab62866f334210'}, 'roles': [], 'mute': False, 'joined_at': '2019-07-22T00:48:49.850000+00:00', 'hoisted_role': None, 'deaf': False}, {'user': {'username': 'Rythm', 'id': '235088799074484224', 'discriminator': '3722', 'bot': True, 'avatar': '16c197c4c3f0eb808f9bceb6e1075e71'}, 'roles': ['602663989130035230'], 'mute': False, 'joined_at': '2019-07-22T00:51:31.858000+00:00', 'hoisted_role': None, 'deaf': False}, {'user': {'username': 'Jonathan', 'id': '486906350375272449', 'discriminator': '3108', 'avatar': '422db19fd43f2394eedc7591d9d60584'}, 'roles': [], 'premium_since': None, 'nick': None, 'mute': False, 'joined_at': '2020-01-23T17:41:22.691011+00:00', 'hoisted_role': None, 'deaf': False}, {'user': {'username': 'MCServerBot', 'id': '609600776582463538', 'discriminator': '8524', 'bot': True, 'avatar': None}, 'roles': [], 'mute': False, 'joined_at': '2019-08-10T04:24:52.167000+00:00', 'hoisted_role': None, 'deaf': False}, {'user': {'username': 'CarnBot', 'id': '669260956769058868', 'discriminator': '2131', 'bot': True, 'avatar': '3519ef9046ddebaa4b1fa546cf5050c2'}, 'roles': ['669959594541449217'], 'premium_since': None, 'nick': None, 'mute': False, 'joined_at': '2020-01-23T17:40:14.677535+00:00', 'hoisted_role': None, 'deaf': False}], 'emojis': [], 'presences': [{'user': {'id': '116326927370944519'}, 'status': 'online', 'game': None, 'client_status': {'desktop': 'online'}, 'activities': []}, {'user': {'id': '235088799074484224'}, 'status': 'online', 'game': None, 'client_status': {'web': 'online'}, 'activities': []}, {'user': {'id': '486906350375272449'}, 'status': 'online', 'game': None, 'client_status': {'desktop': 'online'}, 'activities': []}, {'user': {'id': '669260956769058868'}, 'status': 'online', 'game': None, 'client_status': {'web': 'online'}, 'activities': []}], 'afk_channel_id': None, 'default_message_notifications': 1, 'name': 'Test Server', 'splash': None, 'icon': None, 'owner_id': '116326927370944519', 'premium_tier': 0, 'application_id': None, 'rules_channel_id': None, 'system_channel_id': '602663309170311173', 'voice_states': [], 'joined_at': '2020-01-23T17:40:14.677535+00:00', 'mfa_level': 0, 'preferred_locale': 'en-US', 'discovery_splash': None, 'unavailable': False, 'description': None, 'roles': [{'position': 0, 'permissions': 104324673, 'name': '@everyone', 'mentionable': False, 'managed': False, 'id': '602663309170311170', 'hoist': False, 'color': 0}, {'position': 1, 'permissions': 8, 'name': 'Rythm', 'mentionable': False, 'managed': True, 'id': '602663989130035230', 'hoist': False, 'color': 0}, {'position': 1, 'permissions': 256000, 'name': 'CarnBot', 'mentionable': False, 'managed': True, 'id': '669959594541449217', 'hoist': False, 'color': 0}], 'banner': None, 'verification_level': 0, 'id': '602663309170311170', 'region': 'us-central', 'channels': [{'user_limit': 0, 'type': 4, 'position': 2, 'permission_overwrites': [], 'parent_id': None, 'nsfw': False, 'name': 'Text Channels', 'id': '602663309170311172', 'bitrate': 64000}, {'type': 0, 'topic': None, 'rate_limit_per_user': 0, 'position': 1, 'permission_overwrites': [], 'parent_id': '602663309170311172', 'nsfw': False, 'name': 'general', 'last_message_id': '670878719363252227', 'id': '602663309170311173'}, {'user_limit': 0, 'type': 4, 'position': 3, 'permission_overwrites': [], 'parent_id': None, 'nsfw': False, 'name': 'Voice Channels', 'id': '602663309170311174', 'bitrate': 64000}, {'user_limit': 0, 'type': 2, 'position': 0, 'permission_overwrites': [], 'parent_id': '602663309170311174', 'name': 'General', 'id': '602663309170311175', 'bitrate': 64000}, {'type': 0, 'topic': None, 'rate_limit_per_user': 0, 'position': 2, 'permission_overwrites': [], 'parent_id': '602663309170311172', 'nsfw': False, 'name': 'mcserverstatus', 'last_message_id': '653019269226954773', 'id': '609611791017705503'}, {'type': 4, 'position': 0, 'permission_overwrites': [], 'parent_id': None, 'nsfw': False, 'name': 'test', 'id': '670503547153940500'}, {'type': 0, 'topic': None, 'rate_limit_per_user': 0, 'position': 0, 'permission_overwrites': [], 'parent_id': '670503547153940500', 'nsfw': False, 'name': 'test-txt', 'last_message_id': None, 'id': '670503591441596440'}, {'type': 4, 'position': 1, 'permission_overwrites': [], 'parent_id': None, 'nsfw': False, 'name': 'test2', 'id': '670503621762220044'}, {'type': 0, 'topic': '', 'rate_limit_per_user': 0, 'position': 3, 'permission_overwrites': [], 'parent_id': '670503621762220044', 'nsfw': False, 'name': 'rules', 'last_message_id': None, 'id': '670503655308263434'}, {'type': 0, 'topic': None, 'rate_limit_per_user': 0, 'position': 4, 'permission_overwrites': [], 'parent_id': '670503547153940500', 'nsfw': False, 'name': 'just-another-txt-chat', 'last_message_id': None, 'id': '670503709989404732'}]}}
2020-01-26 00:48:45,532:DEBUG:discord.client: Dispatching event socket_response
2020-01-26 00:48:45,533:DEBUG:discord.client: Dispatching event guild_available
2020-01-26 00:48:47,534:DEBUG:discord.client: Dispatching event ready
2020-01-26 00:48:47,614:DEBUG:discord.client: Dispatching event socket_raw_receive
2020-01-26 00:48:47,614:DEBUG:discord.gateway: For Shard ID None: WebSocket Event: {'t': 'MESSAGE_CREATE', 's': 3, 'op': 0, 'd': {'type': 0, 'tts': False, 'timestamp': '2020-01-26T06:48:47.872000+00:00', 'pinned': False, 'nonce': None, 'mentions': [], 'mention_roles': [], 'mention_everyone': False, 'member': {'roles': ['669959594541449217'], 'premium_since': None, 'nick': None, 'mute': False, 'joined_at': '2020-01-23T17:40:14.677535+00:00', 'hoisted_role': None, 'deaf': False}, 'id': '670882816577503272', 'flags': 0, 'embeds': [], 'edited_timestamp': None, 'content': 'Have you heard of the story of Darth Carnal the Wise?', 'channel_id': '602663309170311173', 'author': {'username': 'CarnBot', 'id': '669260956769058868', 'discriminator': '2131', 'bot': True, 'avatar': '3519ef9046ddebaa4b1fa546cf5050c2'}, 'attachments': [], 'guild_id': '602663309170311170'}}
2020-01-26 00:48:47,614:DEBUG:discord.client: Dispatching event socket_response
2020-01-26 00:48:47,614:DEBUG:discord.client: Dispatching event message
2020-01-26 00:48:47,664:DEBUG:discord.http: POST https://discordapp.com/api/v7/channels/602663309170311173/messages with {"content":"Have you heard of the story of Darth Carnal the Wise?"} has returned 200
2020-01-26 00:48:47,664:DEBUG:discord.http: POST https://discordapp.com/api/v7/channels/602663309170311173/messages has received {'id': '670882816577503272', 'type': 0, 'content': 'Have you heard of the story of Darth Carnal the Wise?', 'channel_id': '602663309170311173', 'author': {'id': '669260956769058868', 'username': 'CarnBot', 'avatar': '3519ef9046ddebaa4b1fa546cf5050c2', 'discriminator': '2131', 'bot': True}, 'attachments': [], 'embeds': [], 'mentions': [], 'mention_roles': [], 'pinned': False, 'mention_everyone': False, 'tts': False, 'timestamp': '2020-01-26T06:48:47.872000+00:00', 'edited_timestamp': None, 'flags': 0, 'nonce': None}
2020-01-26 00:49:04,870:DEBUG:discord.client: Dispatching event socket_raw_receive
2020-01-26 00:49:04,870:DEBUG:discord.gateway: For Shard ID None: WebSocket Event: {'t': 'MESSAGE_CREATE', 's': 4, 'op': 0, 'd': {'type': 0, 'tts': False, 'timestamp': '2020-01-26T06:49:05.130000+00:00', 'pinned': False, 'nonce': None, 'mentions': [], 'mention_roles': [], 'mention_everyone': False, 'member': {'roles': ['669959594541449217'], 'premium_since': None, 'nick': None, 'mute': False, 'joined_at': '2020-01-23T17:40:14.677535+00:00', 'hoisted_role': None, 'deaf': False}, 'id': '670882888962539520', 'flags': 0, 'embeds': [], 'edited_timestamp': None, 'content': 'Have you heard of the story of Darth Carnal the Wise?', 'channel_id': '602663309170311173', 'author': {'username': 'CarnBot', 'id': '669260956769058868', 'discriminator': '2131', 'bot': True, 'avatar': '3519ef9046ddebaa4b1fa546cf5050c2'}, 'attachments': [], 'guild_id': '602663309170311170'}}
2020-01-26 00:49:04,870:DEBUG:discord.client: Dispatching event socket_response
2020-01-26 00:49:04,870:DEBUG:discord.client: Dispatching event message
2020-01-26 00:49:04,928:DEBUG:discord.http: POST https://discordapp.com/api/v7/channels/602663309170311173/messages with {"content":"Have you heard of the story of Darth Carnal the Wise?"} has returned 200
2020-01-26 00:49:04,928:DEBUG:discord.http: POST https://discordapp.com/api/v7/channels/602663309170311173/messages has received {'id': '670882888962539520', 'type': 0, 'content': 'Have you heard of the story of Darth Carnal the Wise?', 'channel_id': '602663309170311173', 'author': {'id': '669260956769058868', 'username': 'CarnBot', 'avatar': '3519ef9046ddebaa4b1fa546cf5050c2', 'discriminator': '2131', 'bot': True}, 'attachments': [], 'embeds': [], 'mentions': [], 'mention_roles': [], 'pinned': False, 'mention_everyone': False, 'tts': False, 'timestamp': '2020-01-26T06:49:05.130000+00:00', 'edited_timestamp': None, 'flags': 0, 'nonce': None}
2020-01-26 00:49:23,027:DEBUG:discord.client: Dispatching event socket_raw_receive
2020-01-26 00:49:23,027:DEBUG:discord.gateway: For Shard ID None: WebSocket Event: {'t': 'MESSAGE_CREATE', 's': 5, 'op': 0, 'd': {'type': 0, 'tts': False, 'timestamp': '2020-01-26T06:49:23.220000+00:00', 'pinned': False, 'nonce': None, 'mentions': [], 'mention_roles': [], 'mention_everyone': False, 'member': {'roles': ['669959594541449217'], 'premium_since': None, 'nick': None, 'mute': False, 'joined_at': '2020-01-23T17:40:14.677535+00:00', 'hoisted_role': None, 'deaf': False}, 'id': '670882964837498881', 'flags': 0, 'embeds': [], 'edited_timestamp': None, 'content': 'FOLLOW THE FORMAT!!!!', 'channel_id': '602663309170311173', 'author': {'username': 'CarnBot', 'id': '669260956769058868', 'discriminator': '2131', 'bot': True, 'avatar': '3519ef9046ddebaa4b1fa546cf5050c2'}, 'attachments': [], 'guild_id': '602663309170311170'}}
2020-01-26 00:49:23,027:DEBUG:discord.client: Dispatching event socket_response
2020-01-26 00:49:23,027:DEBUG:discord.client: Dispatching event message
2020-01-26 00:49:23,052:DEBUG:discord.http: POST https://discordapp.com/api/v7/channels/602663309170311173/messages with {"content":"FOLLOW THE FORMAT!!!!"} has returned 200
2020-01-26 00:49:23,052:DEBUG:discord.http: POST https://discordapp.com/api/v7/channels/602663309170311173/messages has received {'id': '670882964837498881', 'type': 0, 'content': 'FOLLOW THE FORMAT!!!!', 'channel_id': '602663309170311173', 'author': {'id': '669260956769058868', 'username': 'CarnBot', 'avatar': '3519ef9046ddebaa4b1fa546cf5050c2', 'discriminator': '2131', 'bot': True}, 'attachments': [], 'embeds': [], 'mentions': [], 'mention_roles': [], 'pinned': False, 'mention_everyone': False, 'tts': False, 'timestamp': '2020-01-26T06:49:23.220000+00:00', 'edited_timestamp': None, 'flags': 0, 'nonce': None}
2020-01-26 00:49:26,669:DEBUG:discord.gateway: Keeping websocket alive with sequence 5.
2020-01-26 00:49:26,669:DEBUG:discord.client: Dispatching event socket_raw_send
2020-01-26 00:49:26,707:DEBUG:discord.client: Dispatching event socket_raw_receive
2020-01-26 00:49:26,707:DEBUG:discord.gateway: For Shard ID None: WebSocket Event: {'t': None, 's': None, 'op': 11, 'd': None}
2020-01-26 00:49:26,707:DEBUG:discord.client: Dispatching event socket_response
2020-01-26 00:50:07,920:DEBUG:discord.gateway: Keeping websocket alive with sequence 5.
2020-01-26 00:50:07,920:DEBUG:discord.client: Dispatching event socket_raw_send
2020-01-26 00:50:07,953:DEBUG:discord.client: Dispatching event socket_raw_receive
2020-01-26 00:50:07,953:DEBUG:discord.gateway: For Shard ID None: WebSocket Event: {'t': None, 's': None, 'op': 11, 'd': None}
2020-01-26 00:50:07,953:DEBUG:discord.client: Dispatching event socket_response
2020-01-26 00:50:49,171:DEBUG:discord.gateway: Keeping websocket alive with sequence 5.
2020-01-26 00:50:49,171:DEBUG:discord.client: Dispatching event socket_raw_send
2020-01-26 00:50:49,200:DEBUG:discord.client: Dispatching event socket_raw_receive
2020-01-26 00:50:49,200:DEBUG:discord.gateway: For Shard ID None: WebSocket Event: {'t': None, 's': None, 'op': 11, 'd': None}
2020-01-26 00:50:49,200:DEBUG:discord.client: Dispatching event socket_response
2020-01-26 00:51:01,328:DEBUG:discord.client: Dispatching event socket_raw_receive
2020-01-26 00:51:01,328:DEBUG:discord.gateway: For Shard ID None: WebSocket Event: {'t': 'PRESENCE_UPDATE', 's': 6, 'op': 0, 'd': {'user': {'id': '486906350375272449'}, 'status': 'idle', 'roles': [], 'premium_since': None, 'nick': None, 'guild_id': '602663309170311170', 'game': None, 'client_status': {'desktop': 'idle'}, 'activities': []}}
2020-01-26 00:51:01,328:DEBUG:discord.client: Dispatching event socket_response
2020-01-26 00:51:01,328:DEBUG:discord.client: Dispatching event member_update
